Using pre-set license
Built from '2020.3/staging' branch; Version is '2020.3.11f1 (99c7afb366b3) revision 10078127'; Using compiler version '192528614'; Build Type 'Release'
OS: 'Windows 10 Pro; OS build 19042.1052; Version 2009; 64bit' Language: 'en' Physical Memory: 16135 MB
BatchMode: 1, IsHumanControllingUs: 0, StartBugReporterOnCrash: 0, Is64bit: 1, IsPro: 0

 COMMAND LINE ARGUMENTS:
C:\Programming\Unity\Editor\2020.3.11f1\Editor\Unity.exe
-adb2
-batchMode
-noUpm
-name
AssetImportWorker0
-projectPath
C:/Programming/Unity/Projects/CS4320_CaveGeneraitonProject/CaveGeneration
-logFile
Logs/AssetImportWorker0.log
-srvPort
55403
Successfully changed project path to: C:/Programming/Unity/Projects/CS4320_CaveGeneraitonProject/CaveGeneration
C:/Programming/Unity/Projects/CS4320_CaveGeneraitonProject/CaveGeneration
Using Asset Import Pipeline V2.
Refreshing native plugins compatible for Editor in 24.05 ms, found 2 plugins.
Preloading 0 native plugins for Editor in 0.00 ms.
Initialize engine version: 2020.3.11f1 (99c7afb366b3)
[Subsystems] Discovering subsystems at path C:/Programming/Unity/Editor/2020.3.11f1/Editor/Data/Resources/UnitySubsystems
[Subsystems] Discovering subsystems at path C:/Programming/Unity/Projects/CS4320_CaveGeneraitonProject/CaveGeneration/Assets
GfxDevice: creating device client; threaded=0
Direct3D:
    Version:  Direct3D 11.0 [level 11.1]
    Renderer: NVIDIA Quadro T1000 (ID=0x1fb9)
    Vendor:   
    VRAM:     3962 MB
    Driver:   27.21.14.5266
Initialize mono
Mono path[0] = 'C:/Programming/Unity/Editor/2020.3.11f1/Editor/Data/Managed'
Mono path[1] = 'C:/Programming/Unity/Editor/2020.3.11f1/Editor/Data/MonoBleedingEdge/lib/mono/unityjit'
Mono config path = 'C:/Programming/Unity/Editor/2020.3.11f1/Editor/Data/MonoBleedingEdge/etc'
Using monoOptions --debugger-agent=transport=dt_socket,embedding=1,server=y,suspend=n,address=127.0.0.1:56056
Begin MonoManager ReloadAssembly
Registering precompiled unity dll's ...
Register platform support module: C:/Programming/Unity/Editor/2020.3.11f1/Editor/Data/PlaybackEngines/WebGLSupport/UnityEditor.WebGL.Extensions.dll
Register platform support module: C:/Programming/Unity/Editor/2020.3.11f1/Editor/Data/PlaybackEngines/WindowsStandaloneSupport/UnityEditor.WindowsStandalone.Extensions.dll
Registered in 0.001703 seconds.
Native extension for WindowsStandalone target not found
Native extension for WebGL target not found
Refreshing native plugins compatible for Editor in 20.75 ms, found 2 plugins.
Preloading 0 native plugins for Editor in 0.00 ms.
Mono: successfully reloaded assembly
- Completed reload, in  1.568 seconds
Platform modules already initialized, skipping
Registering precompiled user dll's ...
Registered in 0.002588 seconds.
Begin MonoManager ReloadAssembly
Native extension for WindowsStandalone target not found
Native extension for WebGL target not found
Refreshing native plugins compatible for Editor in 0.24 ms, found 2 plugins.
Preloading 0 native plugins for Editor in 0.00 ms.
Mono: successfully reloaded assembly
- Completed reload, in  0.833 seconds
Platform modules already initialized, skipping
========================================================================
Worker process is ready to serve import requests
Launched and connected shader compiler UnityShaderCompiler.exe after 0.03 seconds
Refreshing native plugins compatible for Editor in 0.27 ms, found 2 plugins.
Preloading 0 native plugins for Editor in 0.00 ms.
Unloading 1387 Unused Serialized files (Serialized files now loaded: 0)
System memory in use before: 64.7 MB.
System memory in use after: 64.7 MB.

Unloading 19 unused Assets to reduce memory usage. Loaded Objects now: 1820.
Total: 1.538200 ms (FindLiveObjects: 0.121900 ms CreateObjectMapping: 0.037500 ms MarkObjects: 1.283700 ms  DeleteObjects: 0.094200 ms)

========================================================================
Received Import Request.
  path: Assets/Scripts/MapGenaration.cs
  artifactKey: Guid(401257dfcc99a8d43a3500654baafcc4) Importer(815301076,1909f56bfc062723c751e8b465ee728b)
Start importing Assets/Scripts/MapGenaration.cs using Guid(401257dfcc99a8d43a3500654baafcc4) Importer(815301076,1909f56bfc062723c751e8b465ee728b)  -> (artifact id: 'de801e8497389bcf99d43b8eed879508') in 0.035229 seconds
  Import took 0.036980 seconds .

========================================================================
Received Prepare
Registering precompiled user dll's ...
Registered in 0.002560 seconds.
Begin MonoManager ReloadAssembly
Native extension for WindowsStandalone target not found
Native extension for WebGL target not found
Refreshing native plugins compatible for Editor in 0.25 ms, found 2 plugins.
Preloading 0 native plugins for Editor in 0.00 ms.
Mono: successfully reloaded assembly
- Completed reload, in  0.875 seconds
Platform modules already initialized, skipping
Refreshing native plugins compatible for Editor in 0.26 ms, found 2 plugins.
Preloading 0 native plugins for Editor in 0.00 ms.
Unloading 1382 Unused Serialized files (Serialized files now loaded: 0)
System memory in use before: 64.6 MB.
System memory in use after: 64.7 MB.

Unloading 14 unused Assets to reduce memory usage. Loaded Objects now: 1823.
Total: 1.690100 ms (FindLiveObjects: 0.126800 ms CreateObjectMapping: 0.037000 ms MarkObjects: 1.451000 ms  DeleteObjects: 0.074600 ms)

========================================================================
Received Prepare
Registering precompiled user dll's ...
Registered in 0.003060 seconds.
Begin MonoManager ReloadAssembly
Native extension for WindowsStandalone target not found
Native extension for WebGL target not found
Refreshing native plugins compatible for Editor in 0.25 ms, found 2 plugins.
Preloading 0 native plugins for Editor in 0.00 ms.
Mono: successfully reloaded assembly
- Completed reload, in  0.769 seconds
Platform modules already initialized, skipping
Refreshing native plugins compatible for Editor in 0.25 ms, found 2 plugins.
Preloading 0 native plugins for Editor in 0.00 ms.
Unloading 1382 Unused Serialized files (Serialized files now loaded: 0)
System memory in use before: 64.6 MB.
System memory in use after: 64.7 MB.

Unloading 14 unused Assets to reduce memory usage. Loaded Objects now: 1826.
Total: 1.776800 ms (FindLiveObjects: 0.128400 ms CreateObjectMapping: 0.038500 ms MarkObjects: 1.573700 ms  DeleteObjects: 0.035400 ms)

========================================================================
Received Import Request.
  Time since last request: 683.491061 seconds.
  path: Assets/Scripts/MapGenaration.cs
  artifactKey: Guid(401257dfcc99a8d43a3500654baafcc4) Importer(815301076,1909f56bfc062723c751e8b465ee728b)
Start importing Assets/Scripts/MapGenaration.cs using Guid(401257dfcc99a8d43a3500654baafcc4) Importer(815301076,1909f56bfc062723c751e8b465ee728b)  -> (artifact id: '24906b15fcf23456bea1556e81038db4') in 0.003323 seconds
  Import took 0.004893 seconds .

========================================================================
Received Prepare
Registering precompiled user dll's ...
Registered in 0.003480 seconds.
Begin MonoManager ReloadAssembly
Native extension for WindowsStandalone target not found
Native extension for WebGL target not found
Refreshing native plugins compatible for Editor in 0.26 ms, found 2 plugins.
Preloading 0 native plugins for Editor in 0.00 ms.
Mono: successfully reloaded assembly
- Completed reload, in  0.806 seconds
Platform modules already initialized, skipping
Refreshing native plugins compatible for Editor in 0.29 ms, found 2 plugins.
Preloading 0 native plugins for Editor in 0.00 ms.
Unloading 1382 Unused Serialized files (Serialized files now loaded: 0)
System memory in use before: 64.7 MB.
System memory in use after: 64.7 MB.

Unloading 14 unused Assets to reduce memory usage. Loaded Objects now: 1829.
Total: 1.506900 ms (FindLiveObjects: 0.129700 ms CreateObjectMapping: 0.036000 ms MarkObjects: 1.304300 ms  DeleteObjects: 0.036300 ms)

========================================================================
Received Prepare
Registering precompiled user dll's ...
Registered in 0.003751 seconds.
Begin MonoManager ReloadAssembly
Native extension for WindowsStandalone target not found
Native extension for WebGL target not found
Refreshing native plugins compatible for Editor in 0.63 ms, found 2 plugins.
Preloading 0 native plugins for Editor in 0.00 ms.
Mono: successfully reloaded assembly
- Completed reload, in  0.893 seconds
Platform modules already initialized, skipping
Refreshing native plugins compatible for Editor in 0.42 ms, found 2 plugins.
Preloading 0 native plugins for Editor in 0.00 ms.
Unloading 1382 Unused Serialized files (Serialized files now loaded: 0)
System memory in use before: 64.7 MB.
System memory in use after: 64.8 MB.

Unloading 14 unused Assets to reduce memory usage. Loaded Objects now: 1832.
Total: 2.969000 ms (FindLiveObjects: 0.518100 ms CreateObjectMapping: 0.115600 ms MarkObjects: 2.275900 ms  DeleteObjects: 0.054700 ms)

========================================================================
Received Import Request.
  Time since last request: 159.643203 seconds.
  path: Assets/Scripts/MapGenaration.cs
  artifactKey: Guid(401257dfcc99a8d43a3500654baafcc4) Importer(815301076,1909f56bfc062723c751e8b465ee728b)
Start importing Assets/Scripts/MapGenaration.cs using Guid(401257dfcc99a8d43a3500654baafcc4) Importer(815301076,1909f56bfc062723c751e8b465ee728b)  -> (artifact id: '82082e68bcd8f9720e8000689394a357') in 0.005300 seconds
  Import took 0.007762 seconds .

========================================================================
Received Prepare
Registering precompiled user dll's ...
Registered in 0.003593 seconds.
Begin MonoManager ReloadAssembly
Native extension for WindowsStandalone target not found
Native extension for WebGL target not found
Refreshing native plugins compatible for Editor in 0.25 ms, found 2 plugins.
Preloading 0 native plugins for Editor in 0.00 ms.
Mono: successfully reloaded assembly
- Completed reload, in  0.781 seconds
Platform modules already initialized, skipping
Refreshing native plugins compatible for Editor in 0.30 ms, found 2 plugins.
Preloading 0 native plugins for Editor in 0.00 ms.
Unloading 1382 Unused Serialized files (Serialized files now loaded: 0)
System memory in use before: 64.7 MB.
System memory in use after: 64.8 MB.

Unloading 14 unused Assets to reduce memory usage. Loaded Objects now: 1835.
Total: 1.595000 ms (FindLiveObjects: 0.139100 ms CreateObjectMapping: 0.041500 ms MarkObjects: 1.376800 ms  DeleteObjects: 0.037000 ms)

========================================================================
Received Import Request.
  Time since last request: 57.450682 seconds.
  path: Assets/Scripts/MapGenaration.cs
  artifactKey: Guid(401257dfcc99a8d43a3500654baafcc4) Importer(815301076,1909f56bfc062723c751e8b465ee728b)
Start importing Assets/Scripts/MapGenaration.cs using Guid(401257dfcc99a8d43a3500654baafcc4) Importer(815301076,1909f56bfc062723c751e8b465ee728b)  -> (artifact id: '3bf39f8452e513e31d1ad6506bba7612') in 0.003738 seconds
  Import took 0.005487 seconds .

========================================================================
Received Prepare
Registering precompiled user dll's ...
Registered in 0.003032 seconds.
Begin MonoManager ReloadAssembly
Native extension for WindowsStandalone target not found
Native extension for WebGL target not found
Refreshing native plugins compatible for Editor in 0.35 ms, found 2 plugins.
Preloading 0 native plugins for Editor in 0.00 ms.
Mono: successfully reloaded assembly
- Completed reload, in  0.836 seconds
Platform modules already initialized, skipping
Refreshing native plugins compatible for Editor in 0.26 ms, found 2 plugins.
Preloading 0 native plugins for Editor in 0.00 ms.
Unloading 1382 Unused Serialized files (Serialized files now loaded: 0)
System memory in use before: 64.7 MB.
System memory in use after: 64.8 MB.

Unloading 14 unused Assets to reduce memory usage. Loaded Objects now: 1838.
Total: 1.500500 ms (FindLiveObjects: 0.125800 ms CreateObjectMapping: 0.038800 ms MarkObjects: 1.296900 ms  DeleteObjects: 0.038100 ms)

========================================================================
Received Import Request.
  Time since last request: 56.784002 seconds.
  path: Assets/Scripts/MapGenaration.cs
  artifactKey: Guid(401257dfcc99a8d43a3500654baafcc4) Importer(815301076,1909f56bfc062723c751e8b465ee728b)
Start importing Assets/Scripts/MapGenaration.cs using Guid(401257dfcc99a8d43a3500654baafcc4) Importer(815301076,1909f56bfc062723c751e8b465ee728b)  -> (artifact id: '948948de9145bc6d3c3299ff3ded21c6') in 0.003499 seconds
  Import took 0.005509 seconds .

========================================================================
Received Import Request.
  Time since last request: 1.082588 seconds.
  path: Assets/Scripts/MapGenaration.cs
  artifactKey: Guid(401257dfcc99a8d43a3500654baafcc4) Importer(815301076,1909f56bfc062723c751e8b465ee728b)
Start importing Assets/Scripts/MapGenaration.cs using Guid(401257dfcc99a8d43a3500654baafcc4) Importer(815301076,1909f56bfc062723c751e8b465ee728b)  -> (artifact id: '948948de9145bc6d3c3299ff3ded21c6') in 0.001986 seconds
  Import took 0.004366 seconds .

========================================================================
Received Prepare
Registering precompiled user dll's ...
Registered in 0.003319 seconds.
Begin MonoManager ReloadAssembly
Native extension for WindowsStandalone target not found
Native extension for WebGL target not found
Refreshing native plugins compatible for Editor in 0.26 ms, found 2 plugins.
Preloading 0 native plugins for Editor in 0.00 ms.
Mono: successfully reloaded assembly
- Completed reload, in  0.802 seconds
Platform modules already initialized, skipping
Refreshing native plugins compatible for Editor in 0.25 ms, found 2 plugins.
Preloading 0 native plugins for Editor in 0.00 ms.
Unloading 1382 Unused Serialized files (Serialized files now loaded: 0)
System memory in use before: 64.7 MB.
System memory in use after: 64.8 MB.

Unloading 14 unused Assets to reduce memory usage. Loaded Objects now: 1841.
Total: 1.598700 ms (FindLiveObjects: 0.166500 ms CreateObjectMapping: 0.042500 ms MarkObjects: 1.306500 ms  DeleteObjects: 0.082600 ms)

========================================================================
Received Import Request.
  Time since last request: 80.289652 seconds.
  path: Assets/Scripts/MapGenaration.cs
  artifactKey: Guid(401257dfcc99a8d43a3500654baafcc4) Importer(815301076,1909f56bfc062723c751e8b465ee728b)
Start importing Assets/Scripts/MapGenaration.cs using Guid(401257dfcc99a8d43a3500654baafcc4) Importer(815301076,1909f56bfc062723c751e8b465ee728b)  -> (artifact id: 'ffec217791f9c9cdbefcce2a61c79f52') in 0.003536 seconds
  Import took 0.005347 seconds .

========================================================================
Received Prepare
Registering precompiled user dll's ...
Registered in 0.003700 seconds.
Begin MonoManager ReloadAssembly
Native extension for WindowsStandalone target not found
Native extension for WebGL target not found
Refreshing native plugins compatible for Editor in 0.36 ms, found 2 plugins.
Preloading 0 native plugins for Editor in 0.00 ms.
Mono: successfully reloaded assembly
- Completed reload, in  0.851 seconds
Platform modules already initialized, skipping
Refreshing native plugins compatible for Editor in 0.25 ms, found 2 plugins.
Preloading 0 native plugins for Editor in 0.00 ms.
Unloading 1382 Unused Serialized files (Serialized files now loaded: 0)
System memory in use before: 64.7 MB.
System memory in use after: 64.8 MB.

Unloading 14 unused Assets to reduce memory usage. Loaded Objects now: 1844.
Total: 1.542500 ms (FindLiveObjects: 0.131300 ms CreateObjectMapping: 0.038300 ms MarkObjects: 1.333800 ms  DeleteObjects: 0.038400 ms)

========================================================================
Received Import Request.
  Time since last request: 311.226034 seconds.
  path: Assets/Scripts/MapGenaration.cs
  artifactKey: Guid(401257dfcc99a8d43a3500654baafcc4) Importer(815301076,1909f56bfc062723c751e8b465ee728b)
Start importing Assets/Scripts/MapGenaration.cs using Guid(401257dfcc99a8d43a3500654baafcc4) Importer(815301076,1909f56bfc062723c751e8b465ee728b)  -> (artifact id: 'fca742cc0d66a2e5298955bd1af759c1') in 0.003845 seconds
  Import took 0.005544 seconds .

========================================================================
Received Prepare
Registering precompiled user dll's ...
Registered in 0.004090 seconds.
Begin MonoManager ReloadAssembly
Native extension for WindowsStandalone target not found
Native extension for WebGL target not found
Refreshing native plugins compatible for Editor in 0.43 ms, found 2 plugins.
Preloading 0 native plugins for Editor in 0.00 ms.
Mono: successfully reloaded assembly
- Completed reload, in  1.000 seconds
Platform modules already initialized, skipping
Refreshing native plugins compatible for Editor in 0.30 ms, found 2 plugins.
Preloading 0 native plugins for Editor in 0.00 ms.
Unloading 1382 Unused Serialized files (Serialized files now loaded: 0)
System memory in use before: 64.7 MB.
System memory in use after: 64.8 MB.

Unloading 14 unused Assets to reduce memory usage. Loaded Objects now: 1847.
Total: 2.342000 ms (FindLiveObjects: 0.203700 ms CreateObjectMapping: 0.056200 ms MarkObjects: 2.011400 ms  DeleteObjects: 0.069200 ms)

========================================================================
Received Prepare
Registering precompiled user dll's ...
Registered in 0.002867 seconds.
Begin MonoManager ReloadAssembly
Native extension for WindowsStandalone target not found
Native extension for WebGL target not found
Refreshing native plugins compatible for Editor in 0.28 ms, found 2 plugins.
Preloading 0 native plugins for Editor in 0.00 ms.
Mono: successfully reloaded assembly
- Completed reload, in  0.797 seconds
Platform modules already initialized, skipping
Refreshing native plugins compatible for Editor in 0.25 ms, found 2 plugins.
Preloading 0 native plugins for Editor in 0.00 ms.
Unloading 1382 Unused Serialized files (Serialized files now loaded: 0)
System memory in use before: 64.7 MB.
System memory in use after: 64.8 MB.

Unloading 14 unused Assets to reduce memory usage. Loaded Objects now: 1850.
Total: 1.529100 ms (FindLiveObjects: 0.117900 ms CreateObjectMapping: 0.038500 ms MarkObjects: 1.323200 ms  DeleteObjects: 0.048600 ms)

========================================================================
Received Import Request.
  Time since last request: 185.643310 seconds.
  path: Assets/Scripts/MapGenaration.cs
  artifactKey: Guid(401257dfcc99a8d43a3500654baafcc4) Importer(815301076,1909f56bfc062723c751e8b465ee728b)
Start importing Assets/Scripts/MapGenaration.cs using Guid(401257dfcc99a8d43a3500654baafcc4) Importer(815301076,1909f56bfc062723c751e8b465ee728b)  -> (artifact id: 'd46cc237796ac428f7500b7182c3a098') in 0.003653 seconds
  Import took 0.005490 seconds .

========================================================================
Received Prepare
Registering precompiled user dll's ...
Registered in 0.003085 seconds.
Begin MonoManager ReloadAssembly
Native extension for WindowsStandalone target not found
Native extension for WebGL target not found
Refreshing native plugins compatible for Editor in 0.38 ms, found 2 plugins.
Preloading 0 native plugins for Editor in 0.00 ms.
Mono: successfully reloaded assembly
- Completed reload, in  1.024 seconds
Platform modules already initialized, skipping
Refreshing native plugins compatible for Editor in 0.47 ms, found 2 plugins.
Preloading 0 native plugins for Editor in 0.00 ms.
Unloading 1382 Unused Serialized files (Serialized files now loaded: 0)
System memory in use before: 64.7 MB.
System memory in use after: 64.8 MB.

Unloading 14 unused Assets to reduce memory usage. Loaded Objects now: 1853.
Total: 3.942000 ms (FindLiveObjects: 0.297900 ms CreateObjectMapping: 0.100100 ms MarkObjects: 3.450900 ms  DeleteObjects: 0.091200 ms)

========================================================================
Received Prepare
Registering precompiled user dll's ...
Registered in 0.003357 seconds.
Begin MonoManager ReloadAssembly
Native extension for WindowsStandalone target not found
Native extension for WebGL target not found
Refreshing native plugins compatible for Editor in 0.25 ms, found 2 plugins.
Preloading 0 native plugins for Editor in 0.00 ms.
Mono: successfully reloaded assembly
- Completed reload, in  0.820 seconds
Platform modules already initialized, skipping
Refreshing native plugins compatible for Editor in 0.26 ms, found 2 plugins.
Preloading 0 native plugins for Editor in 0.00 ms.
Unloading 1382 Unused Serialized files (Serialized files now loaded: 0)
System memory in use before: 64.7 MB.
System memory in use after: 64.8 MB.

Unloading 14 unused Assets to reduce memory usage. Loaded Objects now: 1856.
Total: 1.472800 ms (FindLiveObjects: 0.123200 ms CreateObjectMapping: 0.039300 ms MarkObjects: 1.267700 ms  DeleteObjects: 0.041600 ms)

========================================================================
Received Import Request.
  Time since last request: 166.220048 seconds.
  path: Assets/Scripts/MapGenaration.cs
  artifactKey: Guid(401257dfcc99a8d43a3500654baafcc4) Importer(815301076,1909f56bfc062723c751e8b465ee728b)
Start importing Assets/Scripts/MapGenaration.cs using Guid(401257dfcc99a8d43a3500654baafcc4) Importer(815301076,1909f56bfc062723c751e8b465ee728b)  -> (artifact id: 'bbc60bce8a7f948ce9edd3b5280d5bc3') in 0.003644 seconds
  Import took 0.005408 seconds .

========================================================================
Received Prepare
Registering precompiled user dll's ...
Registered in 0.003256 seconds.
Begin MonoManager ReloadAssembly
Native extension for WindowsStandalone target not found
Native extension for WebGL target not found
Refreshing native plugins compatible for Editor in 0.50 ms, found 2 plugins.
Preloading 0 native plugins for Editor in 0.00 ms.
Mono: successfully reloaded assembly
- Completed reload, in  0.826 seconds
Platform modules already initialized, skipping
Refreshing native plugins compatible for Editor in 0.26 ms, found 2 plugins.
Preloading 0 native plugins for Editor in 0.00 ms.
Unloading 1382 Unused Serialized files (Serialized files now loaded: 0)
System memory in use before: 64.7 MB.
System memory in use after: 64.8 MB.

Unloading 14 unused Assets to reduce memory usage. Loaded Objects now: 1859.
Total: 1.661000 ms (FindLiveObjects: 0.131300 ms CreateObjectMapping: 0.040400 ms MarkObjects: 1.378800 ms  DeleteObjects: 0.109600 ms)

========================================================================
Received Import Request.
  Time since last request: 37.548116 seconds.
  path: Assets/Scripts/MapGenaration.cs
  artifactKey: Guid(401257dfcc99a8d43a3500654baafcc4) Importer(815301076,1909f56bfc062723c751e8b465ee728b)
Start importing Assets/Scripts/MapGenaration.cs using Guid(401257dfcc99a8d43a3500654baafcc4) Importer(815301076,1909f56bfc062723c751e8b465ee728b)  -> (artifact id: '7929f0b2df4444cebf06c7589e019e58') in 0.003423 seconds
  Import took 0.005038 seconds .

========================================================================
Received Import Request.
  Time since last request: 1.401575 seconds.
  path: Assets/Scripts/MapGenaration.cs
  artifactKey: Guid(401257dfcc99a8d43a3500654baafcc4) Importer(815301076,1909f56bfc062723c751e8b465ee728b)
Start importing Assets/Scripts/MapGenaration.cs using Guid(401257dfcc99a8d43a3500654baafcc4) Importer(815301076,1909f56bfc062723c751e8b465ee728b)  -> (artifact id: '7929f0b2df4444cebf06c7589e019e58') in 0.002075 seconds
  Import took 0.003916 seconds .

========================================================================
Received Prepare
Registering precompiled user dll's ...
Registered in 0.002940 seconds.
Begin MonoManager ReloadAssembly
Native extension for WindowsStandalone target not found
Native extension for WebGL target not found
Refreshing native plugins compatible for Editor in 0.26 ms, found 2 plugins.
Preloading 0 native plugins for Editor in 0.00 ms.
Mono: successfully reloaded assembly
- Completed reload, in  0.794 seconds
Platform modules already initialized, skipping
Refreshing native plugins compatible for Editor in 0.27 ms, found 2 plugins.
Preloading 0 native plugins for Editor in 0.00 ms.
Unloading 1382 Unused Serialized files (Serialized files now loaded: 0)
System memory in use before: 64.7 MB.
System memory in use after: 64.8 MB.

Unloading 14 unused Assets to reduce memory usage. Loaded Objects now: 1862.
Total: 1.905600 ms (FindLiveObjects: 0.146600 ms CreateObjectMapping: 0.048100 ms MarkObjects: 1.658800 ms  DeleteObjects: 0.051400 ms)

========================================================================
Received Prepare
Registering precompiled user dll's ...
Registered in 0.002939 seconds.
Begin MonoManager ReloadAssembly
Native extension for WindowsStandalone target not found
Native extension for WebGL target not found
Refreshing native plugins compatible for Editor in 0.25 ms, found 2 plugins.
Preloading 0 native plugins for Editor in 0.00 ms.
Mono: successfully reloaded assembly
- Completed reload, in  0.807 seconds
Platform modules already initialized, skipping
Refreshing native plugins compatible for Editor in 0.27 ms, found 2 plugins.
Preloading 0 native plugins for Editor in 0.00 ms.
Unloading 1382 Unused Serialized files (Serialized files now loaded: 0)
System memory in use before: 64.7 MB.
System memory in use after: 64.8 MB.

Unloading 14 unused Assets to reduce memory usage. Loaded Objects now: 1865.
Total: 1.871700 ms (FindLiveObjects: 0.119500 ms CreateObjectMapping: 0.038500 ms MarkObjects: 1.637100 ms  DeleteObjects: 0.075800 ms)

========================================================================
Received Import Request.
  Time since last request: 71.208329 seconds.
  path: Assets/Scripts/MapGenaration.cs
  artifactKey: Guid(401257dfcc99a8d43a3500654baafcc4) Importer(815301076,1909f56bfc062723c751e8b465ee728b)
Start importing Assets/Scripts/MapGenaration.cs using Guid(401257dfcc99a8d43a3500654baafcc4) Importer(815301076,1909f56bfc062723c751e8b465ee728b)  -> (artifact id: 'f3728993208f8802976194a62c9c260b') in 0.003702 seconds
  Import took 0.005584 seconds .

========================================================================
Received Prepare
Registering precompiled user dll's ...
Registered in 0.003098 seconds.
Begin MonoManager ReloadAssembly
Native extension for WindowsStandalone target not found
Native extension for WebGL target not found
Refreshing native plugins compatible for Editor in 0.34 ms, found 2 plugins.
Preloading 0 native plugins for Editor in 0.00 ms.
Mono: successfully reloaded assembly
- Completed reload, in  0.942 seconds
Platform modules already initialized, skipping
Refreshing native plugins compatible for Editor in 0.44 ms, found 2 plugins.
Preloading 0 native plugins for Editor in 0.00 ms.
Unloading 1382 Unused Serialized files (Serialized files now loaded: 0)
System memory in use before: 64.7 MB.
System memory in use after: 64.8 MB.

Unloading 14 unused Assets to reduce memory usage. Loaded Objects now: 1868.
Total: 1.658100 ms (FindLiveObjects: 0.163700 ms CreateObjectMapping: 0.050100 ms MarkObjects: 1.397400 ms  DeleteObjects: 0.045900 ms)

========================================================================
Received Prepare
Registering precompiled user dll's ...
Registered in 0.003247 seconds.
Begin MonoManager ReloadAssembly
Native extension for WindowsStandalone target not found
Native extension for WebGL target not found
Refreshing native plugins compatible for Editor in 0.29 ms, found 2 plugins.
Preloading 0 native plugins for Editor in 0.00 ms.
Mono: successfully reloaded assembly
- Completed reload, in  0.816 seconds
Platform modules already initialized, skipping
Refreshing native plugins compatible for Editor in 0.56 ms, found 2 plugins.
Preloading 0 native plugins for Editor in 0.00 ms.
Unloading 1382 Unused Serialized files (Serialized files now loaded: 0)
System memory in use before: 64.7 MB.
System memory in use after: 64.8 MB.

Unloading 14 unused Assets to reduce memory usage. Loaded Objects now: 1871.
Total: 2.407200 ms (FindLiveObjects: 0.135500 ms CreateObjectMapping: 0.043400 ms MarkObjects: 2.145800 ms  DeleteObjects: 0.081500 ms)

AssetImportWorkerClient::OnTransportError - code=2 error=End of file
